<?xml version="1.0" encoding="UTF-8"?>
<!-- Generated by org.testng.reporters.JUnitReportReporter -->
<testsuite skipped="0" hostname="EN911217" name="ListCreation" tests="6" failures="0" timestamp="2021-08-27T15:23:06 COT" time="3.143" errors="0">
  <testcase name="createListValid" time="0.299" classname="ListCreation"/>
  <system-out/>
  <testcase name="createListValid" time="0.274" classname="ListCreation"/>
  <system-out/>
  <testcase name="createListValid" time="0.259" classname="ListCreation"/>
  <system-out/>
  <testcase name="AddMovieToList" time="0.509" classname="ListCreation"/>
  <system-out/>
  <testcase name="AddMovieToList" time="1.271" classname="ListCreation"/>
  <system-out/>
  <testcase name="AddMovieToList" time="0.531" classname="ListCreation"/>
  <system-out/>
</testsuite> <!-- ListCreation -->
