<?xml version="1.0" encoding="UTF-8"?>
<!-- Generated by org.testng.reporters.JUnitReportReporter -->
<testsuite skipped="0" hostname="EN911217" name="Authentication" tests="3" failures="0" timestamp="2021-08-27T15:23:06 COT" time="5.114" errors="0">
  <testcase name="loginSuccessful" time="0.667" classname="Authentication"/>
  <system-out/>
  <testcase name="loginInvalid" time="3.844" classname="Authentication"/>
  <system-out/>
  <testcase name="loginInvalid" time="0.603" classname="Authentication"/>
  <system-out/>
</testsuite> <!-- Authentication -->
